2024-02-09 14:01:03 Loading main app package /usr/lib/obsidian/obsidian.asar
2024-02-09 14:01:03 Checking for update using Github
2024-02-09 14:01:05 Success.
2024-02-09 14:01:05 Latest version is 1.5.3
2024-02-09 14:01:05 App is up to date.
2024-02-09 14:03:58 Loading main app package /usr/lib/obsidian/obsidian.asar
2024-02-09 14:03:58 Checking for update using Github
2024-02-09 14:03:58 Success.
2024-02-09 14:03:58 Latest version is 1.5.3
2024-02-09 14:03:58 App is up to date.
2024-02-09 15:03:58 Checking for update using Github
2024-02-09 15:04:01 Success.
2024-02-09 15:04:01 Latest version is 1.5.3
2024-02-09 15:04:01 App is up to date.
2024-02-09 16:03:58 Checking for update using Github
2024-02-09 16:03:58 Success.
2024-02-09 16:03:58 Latest version is 1.5.3
2024-02-09 16:03:58 App is up to date.
2024-02-09 17:03:58 Checking for update using Github
2024-02-09 17:03:58 Success.
2024-02-09 17:03:58 Latest version is 1.5.3
2024-02-09 17:03:58 App is up to date.
2024-02-10 15:49:10 Loading main app package /usr/lib/obsidian/obsidian.asar
2024-02-10 15:49:13 Checking for update using Github
2024-02-10 15:49:13 Failed to check for update using Github (net::ERR_INTERNET_DISCONNECTED)
2024-02-10 15:49:13 Checking for update using obsidian.md
2024-02-10 15:49:13 Failed to check for update using obsidian.md (net::ERR_INTERNET_DISCONNECTED)
2024-02-11 13:21:41 Loading main app package /usr/lib/obsidian/obsidian.asar
2024-02-11 13:21:45 Checking for update using Github
2024-02-11 13:21:46 Success.
2024-02-11 13:21:46 Latest version is 1.5.3
2024-02-11 13:21:46 App is up to date.
2024-02-12 15:21:03 Loading main app package /usr/lib/obsidian/obsidian.asar
2024-02-12 15:21:08 Checking for update using Github
2024-02-12 15:21:09 Success.
2024-02-12 15:21:09 Latest version is 1.5.3
2024-02-12 15:21:09 App is up to date.
2024-02-12 16:21:03 Checking for update using Github
2024-02-12 16:21:03 Success.
2024-02-12 16:21:03 Latest version is 1.5.3
2024-02-12 16:21:03 App is up to date.
2024-02-12 17:21:03 Checking for update using Github
2024-02-12 17:21:04 Success.
2024-02-12 17:21:04 Latest version is 1.5.3
2024-02-12 17:21:04 App is up to date.
2024-02-12 18:21:03 Checking for update using Github
2024-02-12 18:21:04 Success.
2024-02-12 18:21:04 Latest version is 1.5.3
2024-02-12 18:21:04 App is up to date.
2024-02-16 14:51:23 Loading main app package /usr/lib/obsidian/obsidian.asar
2024-02-16 14:51:30 Checking for update using Github
2024-02-16 14:51:31 Success.
2024-02-16 14:51:31 Latest version is 1.5.3
2024-02-16 14:51:31 App is up to date.
2024-02-16 15:51:23 Checking for update using Github
2024-02-16 15:51:24 Success.
2024-02-16 15:51:24 Latest version is 1.5.3
2024-02-16 15:51:24 App is up to date.
2024-02-16 16:51:23 Checking for update using Github
2024-02-16 16:51:24 Success.
2024-02-16 16:51:24 Latest version is 1.5.3
2024-02-16 16:51:24 App is up to date.
2024-02-16 17:51:23 Checking for update using Github
2024-02-16 17:51:24 Success.
2024-02-16 17:51:24 Latest version is 1.5.3
2024-02-16 17:51:24 App is up to date.
2024-02-16 18:51:24 Checking for update using Github
2024-02-16 18:51:24 Success.
2024-02-16 18:51:24 Latest version is 1.5.3
2024-02-16 18:51:24 App is up to date.
2024-02-19 18:33:32 Loading main app package /usr/lib/obsidian/obsidian.asar
2024-02-19 18:33:36 Checking for update using Github
2024-02-19 18:33:37 Success.
2024-02-19 18:33:37 Latest version is 1.5.3
2024-02-19 18:33:37 App is up to date.
2024-02-21 18:09:19 Loading main app package /usr/lib/obsidian/obsidian.asar
2024-02-21 18:09:24 Checking for update using Github
2024-02-21 18:09:26 Success.
2024-02-21 18:09:26 Latest version is 1.5.3
2024-02-21 18:09:26 App is up to date.
2024-02-21 19:09:19 Checking for update using Github
2024-02-21 19:09:20 Success.
2024-02-21 19:09:20 Latest version is 1.5.3
2024-02-21 19:09:20 App is up to date.
2024-02-22 13:57:49 Loading main app package /usr/lib/obsidian/obsidian.asar
2024-02-22 13:57:53 Checking for update using Github
2024-02-22 13:57:58 Success.
2024-02-22 13:57:58 Latest version is 1.5.3
2024-02-22 13:57:58 App is up to date.
2024-02-22 14:57:49 Checking for update using Github
2024-02-22 14:57:49 Success.
2024-02-22 14:57:49 Latest version is 1.5.3
2024-02-22 14:57:49 App is up to date.
2024-02-22 15:57:49 Checking for update using Github
2024-02-22 15:57:49 Success.
2024-02-22 15:57:49 Latest version is 1.5.8
2024-02-22 15:57:49 Downloading update from https://github.com/obsidianmd/obsidian-releases/releases/download/v1.5.8/obsidian-1.5.8.asar.gz
2024-02-22 18:06:58 Loading main app package /usr/lib/obsidian/obsidian.asar
2024-02-22 18:07:02 Checking for update using Github
2024-02-22 18:07:03 Success.
2024-02-22 18:07:03 Latest version is 1.5.8
2024-02-22 18:07:03 Downloading update from https://github.com/obsidianmd/obsidian-releases/releases/download/v1.5.8/obsidian-1.5.8.asar.gz
2024-02-22 18:07:07 Verifying hash & signature. Size= 8652806
2024-02-22 18:07:07 Saving file
2024-02-22 18:07:07 Update complete.
2024-02-26 20:18:57 Loading updated app package /home/iheb/.config/obsidian/obsidian-1.5.8.asar
2024-02-26 20:19:03 Checking for update using Github
2024-02-26 20:19:04 Success.
2024-02-26 20:19:04 Latest version is 1.5.8
2024-02-26 20:19:04 App is up to date.
2024-02-26 22:04:59 Checking for update using Github
2024-02-26 22:05:00 Success.
2024-02-26 22:05:00 Latest version is 1.5.8
2024-02-26 22:05:00 App is up to date.
2024-02-27 00:29:58 Loading updated app package /home/iheb/.config/obsidian/obsidian-1.5.8.asar
2024-02-27 00:30:02 Checking for update using Github
2024-02-27 00:30:04 Success.
2024-02-27 00:30:04 Latest version is 1.5.8
2024-02-27 00:30:04 App is up to date.
2024-02-27 01:29:58 Checking for update using Github
2024-02-27 01:29:58 Success.
2024-02-27 01:29:58 Latest version is 1.5.8
2024-02-27 01:29:58 App is up to date.
2024-02-27 02:29:58 Checking for update using Github
2024-02-27 02:29:58 Success.
2024-02-27 02:29:58 Latest version is 1.5.8
2024-02-27 02:29:58 App is up to date.
2024-02-27 03:29:58 Checking for update using Github
2024-02-27 03:29:58 Success.
2024-02-27 03:29:58 Latest version is 1.5.8
2024-02-27 03:29:58 App is up to date.
2024-03-03 23:56:29 Loading updated app package /home/iheb/.config/obsidian/obsidian-1.5.8.asar
2024-03-03 23:56:33 Checking for update using Github
2024-03-03 23:56:34 Success.
2024-03-03 23:56:34 Latest version is 1.5.8
2024-03-03 23:56:34 App is up to date.
2024-03-04 00:56:29 Checking for update using Github
2024-03-04 00:56:29 Failed to check for update using Github (net::ERR_INTERNET_DISCONNECTED)
2024-03-04 00:56:29 Checking for update using obsidian.md
2024-03-04 00:56:29 Failed to check for update using obsidian.md (net::ERR_INTERNET_DISCONNECTED)
2024-03-04 01:56:29 Checking for update using Github
2024-03-04 01:56:30 Success.
2024-03-04 01:56:30 Latest version is 1.5.8
2024-03-04 01:56:30 App is up to date.
2024-03-04 02:56:29 Checking for update using Github
2024-03-04 02:56:29 Success.
2024-03-04 02:56:29 Latest version is 1.5.8
2024-03-04 02:56:29 App is up to date.
2024-03-05 18:44:08 Loading updated app package /home/iheb/.config/obsidian/obsidian-1.5.8.asar
2024-03-05 18:44:14 Checking for update using Github
2024-03-05 18:44:15 Success.
2024-03-05 18:44:15 Latest version is 1.5.8
2024-03-05 18:44:15 App is up to date.
2024-03-07 16:05:49 Loading updated app package /home/iheb/.config/obsidian/obsidian-1.5.8.asar
2024-03-07 16:05:54 Checking for update using Github
2024-03-07 16:05:56 Success.
2024-03-07 16:05:56 Latest version is 1.5.8
2024-03-07 16:05:56 App is up to date.
2024-03-07 17:05:49 Checking for update using Github
2024-03-07 17:05:50 Success.
2024-03-07 17:05:50 Latest version is 1.5.8
2024-03-07 17:05:50 App is up to date.
2024-03-07 18:05:49 Checking for update using Github
2024-03-07 18:05:50 Success.
2024-03-07 18:05:50 Latest version is 1.5.8
2024-03-07 18:05:50 App is up to date.
2024-03-07 19:05:49 Checking for update using Github
2024-03-07 19:05:50 Success.
2024-03-07 19:05:50 Latest version is 1.5.8
2024-03-07 19:05:50 App is up to date.
2024-03-10 22:59:44 Loading updated app package /home/iheb/.config/obsidian/obsidian-1.5.8.asar
2024-03-10 22:59:50 Checking for update using Github
2024-03-10 22:59:51 Success.
2024-03-10 22:59:51 Latest version is 1.5.8
2024-03-10 22:59:51 App is up to date.
2024-03-11 14:57:49 Loading updated app package /home/iheb/.config/obsidian/obsidian-1.5.8.asar
2024-03-11 14:57:55 Checking for update using Github
2024-03-11 14:57:56 Success.
2024-03-11 14:57:56 Latest version is 1.5.8
2024-03-11 14:57:56 App is up to date.
2024-03-11 15:57:49 Checking for update using Github
2024-03-11 15:57:49 Success.
2024-03-11 15:57:49 Latest version is 1.5.8
2024-03-11 15:57:49 App is up to date.
2024-03-11 16:57:49 Checking for update using Github
2024-03-11 16:57:59 Failed to check for update using Github (net::ERR_NAME_NOT_RESOLVED)
2024-03-11 16:57:59 Checking for update using obsidian.md
2024-03-11 16:58:09 Failed to check for update using obsidian.md (net::ERR_NAME_NOT_RESOLVED)
2024-03-11 17:57:49 Checking for update using Github
2024-03-11 17:57:49 Failed to check for update using Github (net::ERR_INTERNET_DISCONNECTED)
2024-03-11 17:57:49 Checking for update using obsidian.md
2024-03-11 17:57:49 Failed to check for update using obsidian.md (net::ERR_INTERNET_DISCONNECTED)
2024-03-11 18:57:49 Checking for update using Github
2024-03-11 18:57:49 Failed to check for update using Github (net::ERR_INTERNET_DISCONNECTED)
2024-03-11 18:57:49 Checking for update using obsidian.md
2024-03-11 18:57:49 Failed to check for update using obsidian.md (net::ERR_INTERNET_DISCONNECTED)
2024-03-12 19:54:25 Loading updated app package /home/iheb/.config/obsidian/obsidian-1.5.8.asar
2024-03-12 19:54:32 Checking for update using Github
2024-03-12 19:54:35 Success.
2024-03-12 19:54:35 Latest version is 1.5.8
2024-03-12 19:54:35 App is up to date.
2024-03-19 11:45:19 Loading updated app package /home/iheb/.config/obsidian/obsidian-1.5.8.asar
2024-03-19 11:45:59 Checking for update using Github
2024-03-19 11:46:03 Success.
2024-03-19 11:46:03 Latest version is 1.5.8
2024-03-19 11:46:03 App is up to date.
2024-03-19 12:45:19 Checking for update using Github
2024-03-19 12:45:21 Success.
2024-03-19 12:45:21 Latest version is 1.5.8
2024-03-19 12:45:21 App is up to date.
2024-03-19 13:45:19 Checking for update using Github
2024-03-19 13:45:20 Success.
2024-03-19 13:45:20 Latest version is 1.5.8
2024-03-19 13:45:20 App is up to date.
2024-03-19 14:45:20 Checking for update using Github
2024-03-19 14:45:20 Success.
2024-03-19 14:45:20 Latest version is 1.5.8
2024-03-19 14:45:20 App is up to date.
2024-03-19 15:45:20 Checking for update using Github
2024-03-19 15:45:20 Success.
2024-03-19 15:45:20 Latest version is 1.5.11
2024-03-19 15:45:20 Downloading update from https://github.com/obsidianmd/obsidian-releases/releases/download/v1.5.11/obsidian-1.5.11.asar.gz
2024-03-19 15:45:30 Verifying hash & signature. Size= 8781777
2024-03-19 15:45:30 Saving file
2024-03-19 15:45:31 Update complete.
2024-03-19 16:45:20 Checking for update using Github
2024-03-19 16:45:20 Success.
2024-03-19 16:45:20 Latest version is 1.5.11
2024-03-19 16:45:20 An update is already downloaded.
2024-03-19 17:45:20 Checking for update using Github
2024-03-19 17:45:20 Success.
2024-03-19 17:45:20 Latest version is 1.5.11
2024-03-19 17:45:20 An update is already downloaded.
2024-03-19 18:45:20 Checking for update using Github
2024-03-19 18:45:20 Success.
2024-03-19 18:45:20 Latest version is 1.5.11
2024-03-19 18:45:20 An update is already downloaded.
2024-03-19 19:45:20 Checking for update using Github
2024-03-19 19:45:20 Success.
2024-03-19 19:45:20 Latest version is 1.5.11
2024-03-19 19:45:20 An update is already downloaded.
2024-03-19 20:45:20 Checking for update using Github
2024-03-19 20:45:20 Success.
2024-03-19 20:45:20 Latest version is 1.5.11
2024-03-19 20:45:20 An update is already downloaded.
2024-03-19 21:45:20 Checking for update using Github
2024-03-19 21:45:20 Success.
2024-03-19 21:45:20 Latest version is 1.5.11
2024-03-19 21:45:20 An update is already downloaded.
2024-03-20 12:21:26 Loading updated app package /home/iheb/.config/obsidian/obsidian-1.5.11.asar
2024-03-20 12:27:08 Loading updated app package /home/iheb/.config/obsidian/obsidian-1.5.11.asar
2024-03-20 12:30:56 Loading updated app package /home/iheb/.config/obsidian/obsidian-1.5.11.asar
2024-03-20 12:31:29 Checking for update using Github
2024-03-20 12:31:32 Success.
2024-03-20 12:31:32 Latest version is 1.5.11
2024-03-20 12:31:32 App is up to date.
2024-03-20 13:30:56 Checking for update using Github
2024-03-20 13:30:57 Success.
2024-03-20 13:30:57 Latest version is 1.5.11
2024-03-20 13:30:57 App is up to date.
2024-03-20 14:30:57 Checking for update using Github
2024-03-20 14:30:57 Success.
2024-03-20 14:30:57 Latest version is 1.5.11
2024-03-20 14:30:57 App is up to date.
2024-03-20 15:30:57 Checking for update using Github
2024-03-20 15:30:57 Success.
2024-03-20 15:30:57 Latest version is 1.5.11
2024-03-20 15:30:57 App is up to date.
2024-03-20 16:30:57 Checking for update using Github
2024-03-20 16:30:57 Success.
2024-03-20 16:30:57 Latest version is 1.5.11
2024-03-20 16:30:57 App is up to date.
2024-03-20 20:16:07 Loading updated app package /home/iheb/.config/obsidian/obsidian-1.5.11.asar
2024-03-20 20:16:11 Checking for update using Github
2024-03-20 20:16:13 Success.
2024-03-20 20:16:13 Latest version is 1.5.11
2024-03-20 20:16:13 App is up to date.
2024-03-20 21:16:07 Checking for update using Github
2024-03-20 21:16:07 Success.
2024-03-20 21:16:07 Latest version is 1.5.11
2024-03-20 21:16:07 App is up to date.
2024-03-20 22:16:07 Checking for update using Github
2024-03-20 22:16:07 Success.
2024-03-20 22:16:07 Latest version is 1.5.11
2024-03-20 22:16:07 App is up to date.
2024-03-22 02:20:22 Loading updated app package /home/iheb/.config/obsidian/obsidian-1.5.11.asar
2024-03-22 02:20:27 Checking for update using Github
2024-03-22 02:20:31 Failed to check for update using Github (net::ERR_NAME_NOT_RESOLVED)
2024-03-22 02:20:31 Checking for update using obsidian.md
2024-03-22 02:20:37 Failed to check for update using obsidian.md (net::ERR_NAME_NOT_RESOLVED)
2024-03-22 03:20:24 Checking for update using Github
2024-03-22 03:20:24 Success.
2024-03-22 03:20:24 Latest version is 1.5.11
2024-03-22 03:20:24 App is up to date.
2024-03-22 21:54:36 Loading updated app package /home/iheb/.config/obsidian/obsidian-1.5.11.asar
2024-03-22 21:54:43 Checking for update using Github
2024-03-22 21:54:44 Success.
2024-03-22 21:54:44 Latest version is 1.5.11
2024-03-22 21:54:44 App is up to date.
2024-03-22 22:54:37 Checking for update using Github
2024-03-22 22:54:37 Success.
2024-03-22 22:54:37 Latest version is 1.5.11
2024-03-22 22:54:37 App is up to date.
2024-03-23 16:11:38 Loading updated app package /home/iheb/.config/obsidian/obsidian-1.5.11.asar
2024-03-23 16:11:43 Checking for update using Github
2024-03-23 16:11:44 Success.
2024-03-23 16:11:44 Latest version is 1.5.11
2024-03-23 16:11:44 App is up to date.
